# JRE version: OpenJDK Runtime Environment (17.0.10) (build 17.0.10+0--11572160)
# Java VM: OpenJDK 64-Bit Server VM (17.0.10+0--11572160, mixed mode, tiered, compressed oops, compressed class ptrs, g1 gc, windows-amd64)
GC Precious Log:
 CPUs: 8 total, 8 available
 Memory: 24382M
 Large Page Support: Disabled
 NUMA Support: Disabled
 Compressed Oops: Enabled (32-bit)
 Heap Region Size: 1M
 Heap Min Capacity: 8M
 Heap Initial Capacity: 382M
 Heap Max Capacity: 2G
 Pre-touch: Disabled
 Parallel Workers: 8
 Concurrent Workers: 2
 Concurrent Refinement Workers: 8
 Periodic GC: Disabled
Heap:
 garbage-first heap   total 71680K, used 58220K [0x0000000080000000, 0x0000000100000000)
  region size 1024K, 28 young (28672K), 4 survivors (4096K)
 Metaspace       used 52029K, committed 52544K, reserved 1114112K
  class space    used 7115K, committed 7360K, reserved 1048576K
GC Heap History (20 events):
Event: 7.717 GC heap before
{Heap before GC invocations=4 (full 0):
 garbage-first heap   total 71680K, used 52443K [0x0000000080000000, 0x0000000100000000)
  region size 1024K, 42 young (43008K), 9 survivors (9216K)
 Metaspace       used 26409K, committed 26688K, reserved 1114112K
  class space    used 3393K, committed 3520K, reserved 1048576K
}
Event: 7.727 GC heap after
{Heap after GC invocations=5 (full 0):
 garbage-first heap   total 71680K, used 20825K [0x0000000080000000, 0x0000000100000000)
  region size 1024K, 2 young (2048K), 2 survivors (2048K)
 Metaspace       used 26409K, committed 26688K, reserved 1114112K
  class space    used 3393K, committed 3520K, reserved 1048576K
}
Event: 7.759 GC heap before
{Heap before GC invocations=5 (full 0):
 garbage-first heap   total 71680K, used 21849K [0x0000000080000000, 0x0000000100000000)
  region size 1024K, 3 young (3072K), 2 survivors (2048K)
 Metaspace       used 26563K, committed 26816K, reserved 1114112K
  class space    used 3421K, committed 3520K, reserved 1048576K
}
Event: 7.763 GC heap after
{Heap after GC invocations=6 (full 0):
 garbage-first heap   total 71680K, used 21022K [0x0000000080000000, 0x0000000100000000)
  region size 1024K, 1 young (1024K), 1 survivors (1024K)
 Metaspace       used 26563K, committed 26816K, reserved 1114112K
  class space    used 3421K, committed 3520K, reserved 1048576K
}
Event: 8.963 GC heap before
{Heap before GC invocations=6 (full 0):
 garbage-first heap   total 71680K, used 49694K [0x0000000080000000, 0x0000000100000000)
  region size 1024K, 29 young (29696K), 1 survivors (1024K)
 Metaspace       used 30504K, committed 30720K, reserved 1114112K
  class space    used 4071K, committed 4160K, reserved 1048576K
}
Event: 8.967 GC heap after
{Heap after GC invocations=7 (full 0):
 garbage-first heap   total 71680K, used 22379K [0x0000000080000000, 0x0000000100000000)
  region size 1024K, 2 young (2048K), 2 survivors (2048K)
 Metaspace       used 30504K, committed 30720K, reserved 1114112K
  class space    used 4071K, committed 4160K, reserved 1048576K
}
Event: 10.066 GC heap before
{Heap before GC invocations=7 (full 0):
 garbage-first heap   total 71680K, used 52075K [0x0000000080000000, 0x0000000100000000)
  region size 1024K, 31 young (31744K), 2 survivors (2048K)
 Metaspace       used 34131K, committed 34496K, reserved 1114112K
  class space    used 4675K, committed 4864K, reserved 1048576K
}
Event: 10.071 GC heap after
{Heap after GC invocations=8 (full 0):
 garbage-first heap   total 71680K, used 23685K [0x0000000080000000, 0x0000000100000000)
  region size 1024K, 3 young (3072K), 3 survivors (3072K)
 Metaspace       used 34131K, committed 34496K, reserved 1114112K
  class space    used 4675K, committed 4864K, reserved 1048576K
}
Event: 10.372 GC heap before
{Heap before GC invocations=8 (full 0):
 garbage-first heap   total 71680K, used 30853K [0x0000000080000000, 0x0000000100000000)
  region size 1024K, 11 young (11264K), 3 survivors (3072K)
 Metaspace       used 35635K, committed 35968K, reserved 1114112K
  class space    used 4879K, committed 5056K, reserved 1048576K
}
Event: 10.377 GC heap after
{Heap after GC invocations=9 (full 0):
 garbage-first heap   total 71680K, used 24121K [0x0000000080000000, 0x0000000100000000)
  region size 1024K, 2 young (2048K), 2 survivors (2048K)
 Metaspace       used 35635K, committed 35968K, reserved 1114112K
  class space    used 4879K, committed 5056K, reserved 1048576K
}
Event: 11.809 GC heap before
{Heap before GC invocations=10 (full 0):
 garbage-first heap   total 71680K, used 54841K [0x0000000080000000, 0x0000000100000000)
  region size 1024K, 33 young (33792K), 2 survivors (2048K)
 Metaspace       used 40802K, committed 41152K, reserved 1114112K
  class space    used 5418K, committed 5568K, reserved 1048576K
}
Event: 11.818 GC heap after
{Heap after GC invocations=11 (full 0):
 garbage-first heap   total 71680K, used 28120K [0x0000000080000000, 0x0000000100000000)
  region size 1024K, 5 young (5120K), 5 survivors (5120K)
 Metaspace       used 40802K, committed 41152K, reserved 1114112K
  class space    used 5418K, committed 5568K, reserved 1048576K
}
Event: 11.827 GC heap before
{Heap before GC invocations=11 (full 0):
 garbage-first heap   total 71680K, used 29144K [0x0000000080000000, 0x0000000100000000)
  region size 1024K, 6 young (6144K), 5 survivors (5120K)
 Metaspace       used 40803K, committed 41152K, reserved 1114112K
  class space    used 5418K, committed 5568K, reserved 1048576K
}
Event: 11.834 GC heap after
{Heap after GC invocations=12 (full 0):
 garbage-first heap   total 71680K, used 28595K [0x0000000080000000, 0x0000000100000000)
  region size 1024K, 1 young (1024K), 1 survivors (1024K)
 Metaspace       used 40803K, committed 41152K, reserved 1114112K
  class space    used 5418K, committed 5568K, reserved 1048576K
}
Event: 12.387 GC heap before
{Heap before GC invocations=12 (full 0):
 garbage-first heap   total 71680K, used 54195K [0x0000000080000000, 0x0000000100000000)
  region size 1024K, 27 young (27648K), 1 survivors (1024K)
 Metaspace       used 42244K, committed 42624K, reserved 1114112K
  class space    used 5630K, committed 5824K, reserved 1048576K
}
Event: 12.392 GC heap after
{Heap after GC invocations=13 (full 0):
 garbage-first heap   total 71680K, used 29293K [0x0000000080000000, 0x0000000100000000)
  region size 1024K, 2 young (2048K), 2 survivors (2048K)
 Metaspace       used 42244K, committed 42624K, reserved 1114112K
  class space    used 5630K, committed 5824K, reserved 1048576K
}
Event: 13.474 GC heap before
{Heap before GC invocations=13 (full 0):
 garbage-first heap   total 71680K, used 54893K [0x0000000080000000, 0x0000000100000000)
  region size 1024K, 28 young (28672K), 2 survivors (2048K)
 Metaspace       used 45576K, committed 46016K, reserved 1114112K
  class space    used 6206K, committed 6400K, reserved 1048576K
}
Event: 13.480 GC heap after
{Heap after GC invocations=14 (full 0):
 garbage-first heap   total 71680K, used 31316K [0x0000000080000000, 0x0000000100000000)
  region size 1024K, 4 young (4096K), 4 survivors (4096K)
 Metaspace       used 45576K, committed 46016K, reserved 1114112K
  class space    used 6206K, committed 6400K, reserved 1048576K
}
Event: 14.415 GC heap before
{Heap before GC invocations=14 (full 0):
 garbage-first heap   total 71680K, used 55892K [0x0000000080000000, 0x0000000100000000)
  region size 1024K, 28 young (28672K), 4 survivors (4096K)
 Metaspace       used 48638K, committed 49024K, reserved 1114112K
  class space    used 6717K, committed 6912K, reserved 1048576K
}
Event: 14.421 GC heap after
{Heap after GC invocations=15 (full 0):
 garbage-first heap   total 71680K, used 32620K [0x0000000080000000, 0x0000000100000000)
  region size 1024K, 4 young (4096K), 4 survivors (4096K)
 Metaspace       used 48638K, committed 49024K, reserved 1114112K
  class space    used 6717K, committed 6912K, reserved 1048576K
}

