# JRE version: OpenJDK Runtime Environment (17.0.10) (build 17.0.10+0--11572160)
# Java VM: OpenJDK 64-Bit Server VM (17.0.10+0--11572160, mixed mode, tiered, compressed oops, compressed class ptrs, g1 gc, windows-amd64)
GC Precious Log:
 CPUs: 8 total, 8 available
 Memory: 24382M
 Large Page Support: Disabled
 NUMA Support: Disabled
 Compressed Oops: Enabled (32-bit)
 Heap Region Size: 1M
 Heap Min Capacity: 8M
 Heap Initial Capacity: 382M
 Heap Max Capacity: 2G
 Pre-touch: Disabled
 Parallel Workers: 8
 Concurrent Workers: 2
 Concurrent Refinement Workers: 8
 Periodic GC: Disabled
Heap:
 garbage-first heap   total 231424K, used 110773K [0x0000000080000000, 0x0000000100000000)
  region size 1024K, 81 young (82944K), 4 survivors (4096K)
 Metaspace       used 56863K, committed 57280K, reserved 1114112K
  class space    used 7737K, committed 7936K, reserved 1048576K
GC Heap History (20 events):
Event: 2.565 GC heap before
{Heap before GC invocations=1 (full 0):
 garbage-first heap   total 391168K, used 35968K [0x0000000080000000, 0x0000000100000000)
  region size 1024K, 28 young (28672K), 3 survivors (3072K)
 Metaspace       used 11426K, committed 11584K, reserved 1114112K
  class space    used 1196K, committed 1280K, reserved 1048576K
}
Event: 2.570 GC heap after
{Heap after GC invocations=2 (full 0):
 garbage-first heap   total 391168K, used 11178K [0x0000000080000000, 0x0000000100000000)
  region size 1024K, 1 young (1024K), 1 survivors (1024K)
 Metaspace       used 11426K, committed 11584K, reserved 1114112K
  class space    used 1196K, committed 1280K, reserved 1048576K
}
Event: 5.053 GC heap before
{Heap before GC invocations=2 (full 0):
 garbage-first heap   total 391168K, used 64426K [0x0000000080000000, 0x0000000100000000)
  region size 1024K, 53 young (54272K), 1 survivors (1024K)
 Metaspace       used 21263K, committed 21504K, reserved 1114112K
  class space    used 2501K, committed 2624K, reserved 1048576K
}
Event: 5.066 GC heap after
{Heap after GC invocations=3 (full 0):
 garbage-first heap   total 391168K, used 18917K [0x0000000080000000, 0x0000000100000000)
  region size 1024K, 9 young (9216K), 9 survivors (9216K)
 Metaspace       used 21263K, committed 21504K, reserved 1114112K
  class space    used 2501K, committed 2624K, reserved 1048576K
}
Event: 6.420 GC heap before
{Heap before GC invocations=4 (full 0):
 garbage-first heap   total 71680K, used 51685K [0x0000000080000000, 0x0000000100000000)
  region size 1024K, 42 young (43008K), 9 survivors (9216K)
 Metaspace       used 26418K, committed 26752K, reserved 1114112K
  class space    used 3393K, committed 3520K, reserved 1048576K
}
Event: 6.445 GC heap after
{Heap after GC invocations=5 (full 0):
 garbage-first heap   total 71680K, used 21070K [0x0000000080000000, 0x0000000100000000)
  region size 1024K, 3 young (3072K), 3 survivors (3072K)
 Metaspace       used 26418K, committed 26752K, reserved 1114112K
  class space    used 3393K, committed 3520K, reserved 1048576K
}
Event: 6.495 GC heap before
{Heap before GC invocations=5 (full 0):
 garbage-first heap   total 71680K, used 22094K [0x0000000080000000, 0x0000000100000000)
  region size 1024K, 4 young (4096K), 3 survivors (3072K)
 Metaspace       used 26579K, committed 26816K, reserved 1114112K
  class space    used 3422K, committed 3520K, reserved 1048576K
}
Event: 6.498 GC heap after
{Heap after GC invocations=6 (full 0):
 garbage-first heap   total 71680K, used 21352K [0x0000000080000000, 0x0000000100000000)
  region size 1024K, 1 young (1024K), 1 survivors (1024K)
 Metaspace       used 26579K, committed 26816K, reserved 1114112K
  class space    used 3422K, committed 3520K, reserved 1048576K
}
Event: 7.477 GC heap before
{Heap before GC invocations=6 (full 0):
 garbage-first heap   total 71680K, used 50024K [0x0000000080000000, 0x0000000100000000)
  region size 1024K, 29 young (29696K), 1 survivors (1024K)
 Metaspace       used 30474K, committed 30720K, reserved 1114112K
  class space    used 4063K, committed 4160K, reserved 1048576K
}
Event: 7.482 GC heap after
{Heap after GC invocations=7 (full 0):
 garbage-first heap   total 71680K, used 23044K [0x0000000080000000, 0x0000000100000000)
  region size 1024K, 3 young (3072K), 3 survivors (3072K)
 Metaspace       used 30474K, committed 30720K, reserved 1114112K
  class space    used 4063K, committed 4160K, reserved 1048576K
}
Event: 8.326 GC heap before
{Heap before GC invocations=7 (full 0):
 garbage-first heap   total 71680K, used 50692K [0x0000000080000000, 0x0000000100000000)
  region size 1024K, 31 young (31744K), 3 survivors (3072K)
 Metaspace       used 33860K, committed 34240K, reserved 1114112K
  class space    used 4639K, committed 4800K, reserved 1048576K
}
Event: 8.332 GC heap after
{Heap after GC invocations=8 (full 0):
 garbage-first heap   total 71680K, used 23920K [0x0000000080000000, 0x0000000100000000)
  region size 1024K, 3 young (3072K), 3 survivors (3072K)
 Metaspace       used 33860K, committed 34240K, reserved 1114112K
  class space    used 4639K, committed 4800K, reserved 1048576K
}
Event: 8.721 GC heap before
{Heap before GC invocations=8 (full 0):
 garbage-first heap   total 71680K, used 32112K [0x0000000080000000, 0x0000000100000000)
  region size 1024K, 13 young (13312K), 3 survivors (3072K)
 Metaspace       used 35685K, committed 35968K, reserved 1114112K
  class space    used 4885K, committed 5056K, reserved 1048576K
}
Event: 8.727 GC heap after
{Heap after GC invocations=9 (full 0):
 garbage-first heap   total 71680K, used 24544K [0x0000000080000000, 0x0000000100000000)
  region size 1024K, 2 young (2048K), 2 survivors (2048K)
 Metaspace       used 35685K, committed 35968K, reserved 1114112K
  class space    used 4885K, committed 5056K, reserved 1048576K
}
Event: 9.601 GC heap before
{Heap before GC invocations=10 (full 0):
 garbage-first heap   total 71680K, used 54240K [0x0000000080000000, 0x0000000100000000)
  region size 1024K, 32 young (32768K), 2 survivors (2048K)
 Metaspace       used 40778K, committed 41088K, reserved 1114112K
  class space    used 5419K, committed 5568K, reserved 1048576K
}
Event: 9.608 GC heap after
{Heap after GC invocations=11 (full 0):
 garbage-first heap   total 71680K, used 28272K [0x0000000080000000, 0x0000000100000000)
  region size 1024K, 4 young (4096K), 4 survivors (4096K)
 Metaspace       used 40778K, committed 41088K, reserved 1114112K
  class space    used 5419K, committed 5568K, reserved 1048576K
}
Event: 10.076 GC heap before
{Heap before GC invocations=11 (full 0):
 garbage-first heap   total 71680K, used 53872K [0x0000000080000000, 0x0000000100000000)
  region size 1024K, 30 young (30720K), 4 survivors (4096K)
 Metaspace       used 41893K, committed 42240K, reserved 1114112K
  class space    used 5599K, committed 5760K, reserved 1048576K
}
Event: 10.085 GC heap after
{Heap after GC invocations=12 (full 0):
 garbage-first heap   total 71680K, used 30394K [0x0000000080000000, 0x0000000100000000)
  region size 1024K, 2 young (2048K), 2 survivors (2048K)
 Metaspace       used 41893K, committed 42240K, reserved 1114112K
  class space    used 5599K, committed 5760K, reserved 1048576K
}
Event: 10.990 GC heap before
{Heap before GC invocations=12 (full 0):
 garbage-first heap   total 71680K, used 55994K [0x0000000080000000, 0x0000000100000000)
  region size 1024K, 27 young (27648K), 2 survivors (2048K)
 Metaspace       used 45243K, committed 45696K, reserved 1114112K
  class space    used 6155K, committed 6400K, reserved 1048576K
}
Event: 10.998 GC heap after
{Heap after GC invocations=13 (full 0):
 garbage-first heap   total 231424K, used 31925K [0x0000000080000000, 0x0000000100000000)
  region size 1024K, 4 young (4096K), 4 survivors (4096K)
 Metaspace       used 45243K, committed 45696K, reserved 1114112K
  class space    used 6155K, committed 6400K, reserved 1048576K
}

