# JRE version: OpenJDK Runtime Environment (17.0.10) (build 17.0.10+0--11572160)
# Java VM: OpenJDK 64-Bit Server VM (17.0.10+0--11572160, mixed mode, tiered, compressed oops, compressed class ptrs, g1 gc, windows-amd64)
GC Precious Log:
 CPUs: 8 total, 8 available
 Memory: 24382M
 Large Page Support: Disabled
 NUMA Support: Disabled
 Compressed Oops: Enabled (32-bit)
 Heap Region Size: 1M
 Heap Min Capacity: 8M
 Heap Initial Capacity: 382M
 Heap Max Capacity: 2G
 Pre-touch: Disabled
 Parallel Workers: 8
 Concurrent Workers: 2
 Concurrent Refinement Workers: 8
 Periodic GC: Disabled
Heap:
 garbage-first heap   total 231424K, used 106806K [0x0000000080000000, 0x0000000100000000)
  region size 1024K, 77 young (78848K), 4 survivors (4096K)
 Metaspace       used 56884K, committed 57344K, reserved 1114112K
  class space    used 7738K, committed 7936K, reserved 1048576K
GC Heap History (20 events):
Event: 3.137 GC heap before
{Heap before GC invocations=1 (full 0):
 garbage-first heap   total 391168K, used 39137K [0x0000000080000000, 0x0000000100000000)
  region size 1024K, 31 young (31744K), 3 survivors (3072K)
 Metaspace       used 11435K, committed 11584K, reserved 1114112K
  class space    used 1196K, committed 1280K, reserved 1048576K
}
Event: 3.141 GC heap after
{Heap after GC invocations=2 (full 0):
 garbage-first heap   total 391168K, used 11090K [0x0000000080000000, 0x0000000100000000)
  region size 1024K, 1 young (1024K), 1 survivors (1024K)
 Metaspace       used 11435K, committed 11584K, reserved 1114112K
  class space    used 1196K, committed 1280K, reserved 1048576K
}
Event: 5.198 GC heap before
{Heap before GC invocations=2 (full 0):
 garbage-first heap   total 391168K, used 61266K [0x0000000080000000, 0x0000000100000000)
  region size 1024K, 50 young (51200K), 1 survivors (1024K)
 Metaspace       used 21295K, committed 21504K, reserved 1114112K
  class space    used 2502K, committed 2624K, reserved 1048576K
}
Event: 5.209 GC heap after
{Heap after GC invocations=3 (full 0):
 garbage-first heap   total 391168K, used 18784K [0x0000000080000000, 0x0000000100000000)
  region size 1024K, 9 young (9216K), 9 survivors (9216K)
 Metaspace       used 21295K, committed 21504K, reserved 1114112K
  class space    used 2502K, committed 2624K, reserved 1048576K
}
Event: 6.352 GC heap before
{Heap before GC invocations=4 (full 0):
 garbage-first heap   total 71680K, used 51552K [0x0000000080000000, 0x0000000100000000)
  region size 1024K, 42 young (43008K), 9 survivors (9216K)
 Metaspace       used 26490K, committed 26752K, reserved 1114112K
  class space    used 3402K, committed 3520K, reserved 1048576K
}
Event: 6.361 GC heap after
{Heap after GC invocations=5 (full 0):
 garbage-first heap   total 71680K, used 20975K [0x0000000080000000, 0x0000000100000000)
  region size 1024K, 3 young (3072K), 3 survivors (3072K)
 Metaspace       used 26490K, committed 26752K, reserved 1114112K
  class space    used 3402K, committed 3520K, reserved 1048576K
}
Event: 6.392 GC heap before
{Heap before GC invocations=5 (full 0):
 garbage-first heap   total 71680K, used 21999K [0x0000000080000000, 0x0000000100000000)
  region size 1024K, 4 young (4096K), 3 survivors (3072K)
 Metaspace       used 26636K, committed 26880K, reserved 1114112K
  class space    used 3428K, committed 3520K, reserved 1048576K
}
Event: 6.395 GC heap after
{Heap after GC invocations=6 (full 0):
 garbage-first heap   total 71680K, used 21027K [0x0000000080000000, 0x0000000100000000)
  region size 1024K, 1 young (1024K), 1 survivors (1024K)
 Metaspace       used 26636K, committed 26880K, reserved 1114112K
  class space    used 3428K, committed 3520K, reserved 1048576K
}
Event: 7.479 GC heap before
{Heap before GC invocations=6 (full 0):
 garbage-first heap   total 71680K, used 48675K [0x0000000080000000, 0x0000000100000000)
  region size 1024K, 29 young (29696K), 1 survivors (1024K)
 Metaspace       used 30585K, committed 30848K, reserved 1114112K
  class space    used 4083K, committed 4224K, reserved 1048576K
}
Event: 7.485 GC heap after
{Heap after GC invocations=7 (full 0):
 garbage-first heap   total 71680K, used 22369K [0x0000000080000000, 0x0000000100000000)
  region size 1024K, 2 young (2048K), 2 survivors (2048K)
 Metaspace       used 30585K, committed 30848K, reserved 1114112K
  class space    used 4083K, committed 4224K, reserved 1048576K
}
Event: 8.814 GC heap before
{Heap before GC invocations=7 (full 0):
 garbage-first heap   total 71680K, used 52065K [0x0000000080000000, 0x0000000100000000)
  region size 1024K, 31 young (31744K), 2 survivors (2048K)
 Metaspace       used 34202K, committed 34560K, reserved 1114112K
  class space    used 4678K, committed 4864K, reserved 1048576K
}
Event: 8.821 GC heap after
{Heap after GC invocations=8 (full 0):
 garbage-first heap   total 71680K, used 23778K [0x0000000080000000, 0x0000000100000000)
  region size 1024K, 4 young (4096K), 4 survivors (4096K)
 Metaspace       used 34202K, committed 34560K, reserved 1114112K
  class space    used 4678K, committed 4864K, reserved 1048576K
}
Event: 9.087 GC heap before
{Heap before GC invocations=8 (full 0):
 garbage-first heap   total 71680K, used 30946K [0x0000000080000000, 0x0000000100000000)
  region size 1024K, 12 young (12288K), 4 survivors (4096K)
 Metaspace       used 35615K, committed 35968K, reserved 1114112K
  class space    used 4873K, committed 5056K, reserved 1048576K
}
Event: 9.093 GC heap after
{Heap after GC invocations=9 (full 0):
 garbage-first heap   total 71680K, used 24187K [0x0000000080000000, 0x0000000100000000)
  region size 1024K, 2 young (2048K), 2 survivors (2048K)
 Metaspace       used 35615K, committed 35968K, reserved 1114112K
  class space    used 4873K, committed 5056K, reserved 1048576K
}
Event: 9.929 GC heap before
{Heap before GC invocations=10 (full 0):
 garbage-first heap   total 71680K, used 55931K [0x0000000080000000, 0x0000000100000000)
  region size 1024K, 33 young (33792K), 2 survivors (2048K)
 Metaspace       used 40800K, committed 41088K, reserved 1114112K
  class space    used 5418K, committed 5568K, reserved 1048576K
}
Event: 9.939 GC heap after
{Heap after GC invocations=11 (full 0):
 garbage-first heap   total 71680K, used 28120K [0x0000000080000000, 0x0000000100000000)
  region size 1024K, 5 young (5120K), 5 survivors (5120K)
 Metaspace       used 40800K, committed 41088K, reserved 1114112K
  class space    used 5418K, committed 5568K, reserved 1048576K
}
Event: 10.502 GC heap before
{Heap before GC invocations=11 (full 0):
 garbage-first heap   total 71680K, used 55768K [0x0000000080000000, 0x0000000100000000)
  region size 1024K, 32 young (32768K), 5 survivors (5120K)
 Metaspace       used 42245K, committed 42624K, reserved 1114112K
  class space    used 5631K, committed 5824K, reserved 1048576K
}
Event: 10.511 GC heap after
{Heap after GC invocations=12 (full 0):
 garbage-first heap   total 71680K, used 29034K [0x0000000080000000, 0x0000000100000000)
  region size 1024K, 2 young (2048K), 2 survivors (2048K)
 Metaspace       used 42245K, committed 42624K, reserved 1114112K
  class space    used 5631K, committed 5824K, reserved 1048576K
}
Event: 11.415 GC heap before
{Heap before GC invocations=12 (full 0):
 garbage-first heap   total 71680K, used 56682K [0x0000000080000000, 0x0000000100000000)
  region size 1024K, 29 young (29696K), 2 survivors (2048K)
 Metaspace       used 45596K, committed 46080K, reserved 1114112K
  class space    used 6209K, committed 6400K, reserved 1048576K
}
Event: 11.424 GC heap after
{Heap after GC invocations=13 (full 0):
 garbage-first heap   total 231424K, used 31030K [0x0000000080000000, 0x0000000100000000)
  region size 1024K, 4 young (4096K), 4 survivors (4096K)
 Metaspace       used 45596K, committed 46080K, reserved 1114112K
  class space    used 6209K, committed 6400K, reserved 1048576K
}

