# JRE version: OpenJDK Runtime Environment (17.0.10) (build 17.0.10+0--11572160)
# Java VM: OpenJDK 64-Bit Server VM (17.0.10+0--11572160, mixed mode, tiered, compressed oops, compressed class ptrs, g1 gc, windows-amd64)
GC Precious Log:
 CPUs: 8 total, 8 available
 Memory: 24382M
 Large Page Support: Disabled
 NUMA Support: Disabled
 Compressed Oops: Enabled (32-bit)
 Heap Region Size: 1M
 Heap Min Capacity: 8M
 Heap Initial Capacity: 382M
 Heap Max Capacity: 2G
 Pre-touch: Disabled
 Parallel Workers: 8
 Concurrent Workers: 2
 Concurrent Refinement Workers: 8
 Periodic GC: Disabled
Heap:
 garbage-first heap   total 231424K, used 92075K [0x0000000080000000, 0x0000000100000000)
  region size 1024K, 62 young (63488K), 4 survivors (4096K)
 Metaspace       used 53197K, committed 53632K, reserved 1114112K
  class space    used 7289K, committed 7488K, reserved 1048576K
GC Heap History (20 events):
Event: 1.414 GC heap before
{Heap before GC invocations=0 (full 0):
 garbage-first heap   total 391168K, used 26624K [0x0000000080000000, 0x0000000100000000)
  region size 1024K, 23 young (23552K), 0 survivors (0K)
 Metaspace       used 10476K, committed 10624K, reserved 1114112K
  class space    used 1090K, committed 1152K, reserved 1048576K
}
Event: 1.425 GC heap after
{Heap after GC invocations=1 (full 0):
 garbage-first heap   total 391168K, used 10604K [0x0000000080000000, 0x0000000100000000)
  region size 1024K, 3 young (3072K), 3 survivors (3072K)
 Metaspace       used 10476K, committed 10624K, reserved 1114112K
  class space    used 1090K, committed 1152K, reserved 1048576K
}
Event: 2.469 GC heap before
{Heap before GC invocations=1 (full 0):
 garbage-first heap   total 391168K, used 38252K [0x0000000080000000, 0x0000000100000000)
  region size 1024K, 30 young (30720K), 3 survivors (3072K)
 Metaspace       used 11431K, committed 11584K, reserved 1114112K
  class space    used 1196K, committed 1280K, reserved 1048576K
}
Event: 2.474 GC heap after
{Heap after GC invocations=2 (full 0):
 garbage-first heap   total 391168K, used 11536K [0x0000000080000000, 0x0000000100000000)
  region size 1024K, 1 young (1024K), 1 survivors (1024K)
 Metaspace       used 11431K, committed 11584K, reserved 1114112K
  class space    used 1196K, committed 1280K, reserved 1048576K
}
Event: 4.815 GC heap before
{Heap before GC invocations=2 (full 0):
 garbage-first heap   total 391168K, used 62736K [0x0000000080000000, 0x0000000100000000)
  region size 1024K, 51 young (52224K), 1 survivors (1024K)
 Metaspace       used 21263K, committed 21504K, reserved 1114112K
  class space    used 2499K, committed 2624K, reserved 1048576K
}
Event: 4.825 GC heap after
{Heap after GC invocations=3 (full 0):
 garbage-first heap   total 391168K, used 19612K [0x0000000080000000, 0x0000000100000000)
  region size 1024K, 9 young (9216K), 9 survivors (9216K)
 Metaspace       used 21263K, committed 21504K, reserved 1114112K
  class space    used 2499K, committed 2624K, reserved 1048576K
}
Event: 5.959 GC heap before
{Heap before GC invocations=4 (full 0):
 garbage-first heap   total 71680K, used 52380K [0x0000000080000000, 0x0000000100000000)
  region size 1024K, 42 young (43008K), 9 survivors (9216K)
 Metaspace       used 26459K, committed 26752K, reserved 1114112K
  class space    used 3399K, committed 3520K, reserved 1048576K
}
Event: 5.967 GC heap after
{Heap after GC invocations=5 (full 0):
 garbage-first heap   total 71680K, used 20783K [0x0000000080000000, 0x0000000100000000)
  region size 1024K, 2 young (2048K), 2 survivors (2048K)
 Metaspace       used 26459K, committed 26752K, reserved 1114112K
  class space    used 3399K, committed 3520K, reserved 1048576K
}
Event: 6.877 GC heap before
{Heap before GC invocations=5 (full 0):
 garbage-first heap   total 71680K, used 49455K [0x0000000080000000, 0x0000000100000000)
  region size 1024K, 30 young (30720K), 2 survivors (2048K)
 Metaspace       used 30342K, committed 30592K, reserved 1114112K
  class space    used 4059K, committed 4160K, reserved 1048576K
}
Event: 6.886 GC heap after
{Heap after GC invocations=6 (full 0):
 garbage-first heap   total 71680K, used 22568K [0x0000000080000000, 0x0000000100000000)
  region size 1024K, 4 young (4096K), 4 survivors (4096K)
 Metaspace       used 30342K, committed 30592K, reserved 1114112K
  class space    used 4059K, committed 4160K, reserved 1048576K
}
Event: 7.810 GC heap before
{Heap before GC invocations=6 (full 0):
 garbage-first heap   total 71680K, used 52264K [0x0000000080000000, 0x0000000100000000)
  region size 1024K, 33 young (33792K), 4 survivors (4096K)
 Metaspace       used 33996K, committed 34304K, reserved 1114112K
  class space    used 4653K, committed 4800K, reserved 1048576K
}
Event: 7.815 GC heap after
{Heap after GC invocations=7 (full 0):
 garbage-first heap   total 71680K, used 23635K [0x0000000080000000, 0x0000000100000000)
  region size 1024K, 3 young (3072K), 3 survivors (3072K)
 Metaspace       used 33996K, committed 34304K, reserved 1114112K
  class space    used 4653K, committed 4800K, reserved 1048576K
}
Event: 8.406 GC heap before
{Heap before GC invocations=7 (full 0):
 garbage-first heap   total 71680K, used 30803K [0x0000000080000000, 0x0000000100000000)
  region size 1024K, 12 young (12288K), 3 survivors (3072K)
 Metaspace       used 35644K, committed 35968K, reserved 1114112K
  class space    used 4877K, committed 5056K, reserved 1048576K
}
Event: 8.417 GC heap after
{Heap after GC invocations=8 (full 0):
 garbage-first heap   total 71680K, used 24086K [0x0000000080000000, 0x0000000100000000)
  region size 1024K, 2 young (2048K), 2 survivors (2048K)
 Metaspace       used 35644K, committed 35968K, reserved 1114112K
  class space    used 4877K, committed 5056K, reserved 1048576K
}
Event: 9.478 GC heap before
{Heap before GC invocations=9 (full 0):
 garbage-first heap   total 71680K, used 53782K [0x0000000080000000, 0x0000000100000000)
  region size 1024K, 32 young (32768K), 2 survivors (2048K)
 Metaspace       used 40777K, committed 41088K, reserved 1114112K
  class space    used 5415K, committed 5568K, reserved 1048576K
}
Event: 9.488 GC heap after
{Heap after GC invocations=10 (full 0):
 garbage-first heap   total 71680K, used 27986K [0x0000000080000000, 0x0000000100000000)
  region size 1024K, 4 young (4096K), 4 survivors (4096K)
 Metaspace       used 40777K, committed 41088K, reserved 1114112K
  class space    used 5415K, committed 5568K, reserved 1048576K
}
Event: 10.353 GC heap before
{Heap before GC invocations=10 (full 0):
 garbage-first heap   total 71680K, used 55634K [0x0000000080000000, 0x0000000100000000)
  region size 1024K, 31 young (31744K), 4 survivors (4096K)
 Metaspace       used 42060K, committed 42432K, reserved 1114112K
  class space    used 5603K, committed 5760K, reserved 1048576K
}
Event: 10.364 GC heap after
{Heap after GC invocations=11 (full 0):
 garbage-first heap   total 71680K, used 29787K [0x0000000080000000, 0x0000000100000000)
  region size 1024K, 2 young (2048K), 2 survivors (2048K)
 Metaspace       used 42060K, committed 42432K, reserved 1114112K
  class space    used 5603K, committed 5760K, reserved 1048576K
}
Event: 11.643 GC heap before
{Heap before GC invocations=11 (full 0):
 garbage-first heap   total 71680K, used 56411K [0x0000000080000000, 0x0000000100000000)
  region size 1024K, 28 young (28672K), 2 survivors (2048K)
 Metaspace       used 45370K, committed 45760K, reserved 1114112K
  class space    used 6170K, committed 6336K, reserved 1048576K
}
Event: 11.650 GC heap after
{Heap after GC invocations=12 (full 0):
 garbage-first heap   total 231424K, used 31659K [0x0000000080000000, 0x0000000100000000)
  region size 1024K, 4 young (4096K), 4 survivors (4096K)
 Metaspace       used 45370K, committed 45760K, reserved 1114112K
  class space    used 6170K, committed 6336K, reserved 1048576K
}

