# JRE version: OpenJDK Runtime Environment (17.0.10) (build 17.0.10+0--11572160)
# Java VM: OpenJDK 64-Bit Server VM (17.0.10+0--11572160, mixed mode, tiered, compressed oops, compressed class ptrs, g1 gc, windows-amd64)
GC Precious Log:
 CPUs: 8 total, 8 available
 Memory: 24382M
 Large Page Support: Disabled
 NUMA Support: Disabled
 Compressed Oops: Enabled (32-bit)
 Heap Region Size: 1M
 Heap Min Capacity: 8M
 Heap Initial Capacity: 382M
 Heap Max Capacity: 2G
 Pre-touch: Disabled
 Parallel Workers: 8
 Concurrent Workers: 2
 Concurrent Refinement Workers: 8
 Periodic GC: Disabled
Heap:
 garbage-first heap   total 231424K, used 57158K [0x0000000080000000, 0x0000000100000000)
  region size 1024K, 30 young (30720K), 4 survivors (4096K)
 Metaspace       used 48646K, committed 49088K, reserved 1114112K
  class space    used 6720K, committed 6912K, reserved 1048576K
GC Heap History (20 events):
Event: 1.555 GC heap before
{Heap before GC invocations=0 (full 0):
 garbage-first heap   total 391168K, used 26624K [0x0000000080000000, 0x0000000100000000)
  region size 1024K, 23 young (23552K), 0 survivors (0K)
 Metaspace       used 10464K, committed 10624K, reserved 1114112K
  class space    used 1088K, committed 1152K, reserved 1048576K
}
Event: 1.566 GC heap after
{Heap after GC invocations=1 (full 0):
 garbage-first heap   total 391168K, used 10625K [0x0000000080000000, 0x0000000100000000)
  region size 1024K, 3 young (3072K), 3 survivors (3072K)
 Metaspace       used 10464K, committed 10624K, reserved 1114112K
  class space    used 1088K, committed 1152K, reserved 1048576K
}
Event: 2.483 GC heap before
{Heap before GC invocations=1 (full 0):
 garbage-first heap   total 391168K, used 36225K [0x0000000080000000, 0x0000000100000000)
  region size 1024K, 28 young (28672K), 3 survivors (3072K)
 Metaspace       used 11442K, committed 11648K, reserved 1114112K
  class space    used 1195K, committed 1280K, reserved 1048576K
}
Event: 2.489 GC heap after
{Heap after GC invocations=2 (full 0):
 garbage-first heap   total 391168K, used 11264K [0x0000000080000000, 0x0000000100000000)
  region size 1024K, 1 young (1024K), 1 survivors (1024K)
 Metaspace       used 11442K, committed 11648K, reserved 1114112K
  class space    used 1195K, committed 1280K, reserved 1048576K
}
Event: 5.206 GC heap before
{Heap before GC invocations=2 (full 0):
 garbage-first heap   total 391168K, used 65536K [0x0000000080000000, 0x0000000100000000)
  region size 1024K, 54 young (55296K), 1 survivors (1024K)
 Metaspace       used 21301K, committed 21504K, reserved 1114112K
  class space    used 2505K, committed 2624K, reserved 1048576K
}
Event: 5.217 GC heap after
{Heap after GC invocations=3 (full 0):
 garbage-first heap   total 391168K, used 19031K [0x0000000080000000, 0x0000000100000000)
  region size 1024K, 9 young (9216K), 9 survivors (9216K)
 Metaspace       used 21301K, committed 21504K, reserved 1114112K
  class space    used 2505K, committed 2624K, reserved 1048576K
}
Event: 6.899 GC heap before
{Heap before GC invocations=4 (full 0):
 garbage-first heap   total 71680K, used 51799K [0x0000000080000000, 0x0000000100000000)
  region size 1024K, 42 young (43008K), 9 survivors (9216K)
 Metaspace       used 26447K, committed 26752K, reserved 1114112K
  class space    used 3396K, committed 3520K, reserved 1048576K
}
Event: 6.907 GC heap after
{Heap after GC invocations=5 (full 0):
 garbage-first heap   total 71680K, used 20868K [0x0000000080000000, 0x0000000100000000)
  region size 1024K, 2 young (2048K), 2 survivors (2048K)
 Metaspace       used 26447K, committed 26752K, reserved 1114112K
  class space    used 3396K, committed 3520K, reserved 1048576K
}
Event: 8.177 GC heap before
{Heap before GC invocations=5 (full 0):
 garbage-first heap   total 71680K, used 49540K [0x0000000080000000, 0x0000000100000000)
  region size 1024K, 30 young (30720K), 2 survivors (2048K)
 Metaspace       used 30313K, committed 30528K, reserved 1114112K
  class space    used 4061K, committed 4160K, reserved 1048576K
}
Event: 8.182 GC heap after
{Heap after GC invocations=6 (full 0):
 garbage-first heap   total 71680K, used 22481K [0x0000000080000000, 0x0000000100000000)
  region size 1024K, 4 young (4096K), 4 survivors (4096K)
 Metaspace       used 30313K, committed 30528K, reserved 1114112K
  class space    used 4061K, committed 4160K, reserved 1048576K
}
Event: 8.922 GC heap before
{Heap before GC invocations=6 (full 0):
 garbage-first heap   total 71680K, used 50129K [0x0000000080000000, 0x0000000100000000)
  region size 1024K, 32 young (32768K), 4 survivors (4096K)
 Metaspace       used 33763K, committed 34112K, reserved 1114112K
  class space    used 4624K, committed 4800K, reserved 1048576K
}
Event: 8.927 GC heap after
{Heap after GC invocations=7 (full 0):
 garbage-first heap   total 71680K, used 23652K [0x0000000080000000, 0x0000000100000000)
  region size 1024K, 3 young (3072K), 3 survivors (3072K)
 Metaspace       used 33763K, committed 34112K, reserved 1114112K
  class space    used 4624K, committed 4800K, reserved 1048576K
}
Event: 9.687 GC heap before
{Heap before GC invocations=7 (full 0):
 garbage-first heap   total 71680K, used 32868K [0x0000000080000000, 0x0000000100000000)
  region size 1024K, 14 young (14336K), 3 survivors (3072K)
 Metaspace       used 35664K, committed 35968K, reserved 1114112K
  class space    used 4883K, committed 5056K, reserved 1048576K
}
Event: 9.694 GC heap after
{Heap after GC invocations=8 (full 0):
 garbage-first heap   total 71680K, used 24354K [0x0000000080000000, 0x0000000100000000)
  region size 1024K, 2 young (2048K), 2 survivors (2048K)
 Metaspace       used 35664K, committed 35968K, reserved 1114112K
  class space    used 4883K, committed 5056K, reserved 1048576K
}
Event: 11.119 GC heap before
{Heap before GC invocations=9 (full 0):
 garbage-first heap   total 71680K, used 54050K [0x0000000080000000, 0x0000000100000000)
  region size 1024K, 32 young (32768K), 2 survivors (2048K)
 Metaspace       used 40756K, committed 41088K, reserved 1114112K
  class space    used 5414K, committed 5568K, reserved 1048576K
}
Event: 11.135 GC heap after
{Heap after GC invocations=10 (full 0):
 garbage-first heap   total 71680K, used 27997K [0x0000000080000000, 0x0000000100000000)
  region size 1024K, 4 young (4096K), 4 survivors (4096K)
 Metaspace       used 40756K, committed 41088K, reserved 1114112K
  class space    used 5414K, committed 5568K, reserved 1048576K
}
Event: 11.791 GC heap before
{Heap before GC invocations=10 (full 0):
 garbage-first heap   total 71680K, used 54621K [0x0000000080000000, 0x0000000100000000)
  region size 1024K, 31 young (31744K), 4 survivors (4096K)
 Metaspace       used 42070K, committed 42432K, reserved 1114112K
  class space    used 5608K, committed 5760K, reserved 1048576K
}
Event: 11.801 GC heap after
{Heap after GC invocations=11 (full 0):
 garbage-first heap   total 71680K, used 29726K [0x0000000080000000, 0x0000000100000000)
  region size 1024K, 2 young (2048K), 2 survivors (2048K)
 Metaspace       used 42070K, committed 42432K, reserved 1114112K
  class space    used 5608K, committed 5760K, reserved 1048576K
}
Event: 13.042 GC heap before
{Heap before GC invocations=11 (full 0):
 garbage-first heap   total 71680K, used 55326K [0x0000000080000000, 0x0000000100000000)
  region size 1024K, 28 young (28672K), 2 survivors (2048K)
 Metaspace       used 45448K, committed 45888K, reserved 1114112K
  class space    used 6185K, committed 6400K, reserved 1048576K
}
Event: 13.057 GC heap after
{Heap after GC invocations=12 (full 0):
 garbage-first heap   total 231424K, used 31558K [0x0000000080000000, 0x0000000100000000)
  region size 1024K, 4 young (4096K), 4 survivors (4096K)
 Metaspace       used 45448K, committed 45888K, reserved 1114112K
  class space    used 6185K, committed 6400K, reserved 1048576K
}

