# JRE version: OpenJDK Runtime Environment (17.0.10) (build 17.0.10+0--11572160)
# Java VM: OpenJDK 64-Bit Server VM (17.0.10+0--11572160, mixed mode, tiered, compressed oops, compressed class ptrs, g1 gc, windows-amd64)
GC Precious Log:
 CPUs: 8 total, 8 available
 Memory: 24382M
 Large Page Support: Disabled
 NUMA Support: Disabled
 Compressed Oops: Enabled (32-bit)
 Heap Region Size: 1M
 Heap Min Capacity: 8M
 Heap Initial Capacity: 382M
 Heap Max Capacity: 2G
 Pre-touch: Disabled
 Parallel Workers: 8
 Concurrent Workers: 2
 Concurrent Refinement Workers: 8
 Periodic GC: Disabled
Heap:
 garbage-first heap   total 437248K, used 187850K [0x0000000080000000, 0x0000000100000000)
  region size 1024K, 54 young (55296K), 24 survivors (24576K)
 Metaspace       used 166527K, committed 168960K, reserved 1245184K
  class space    used 22092K, committed 23040K, reserved 1048576K
GC Heap History (20 events):
Event: 8881.322 GC heap before
{Heap before GC invocations=126 (full 0):
 garbage-first heap   total 703488K, used 238562K [0x0000000080000000, 0x0000000100000000)
  region size 1024K, 34 young (34816K), 6 survivors (6144K)
 Metaspace       used 166113K, committed 167424K, reserved 1245184K
  class space    used 22110K, committed 22784K, reserved 1048576K
}
Event: 8881.334 GC heap after
{Heap after GC invocations=127 (full 0):
 garbage-first heap   total 703488K, used 204338K [0x0000000080000000, 0x0000000100000000)
  region size 1024K, 1 young (1024K), 1 survivors (1024K)
 Metaspace       used 166113K, committed 167424K, reserved 1245184K
  class space    used 22110K, committed 22784K, reserved 1048576K
}
Event: 8882.209 GC heap before
{Heap before GC invocations=127 (full 0):
 garbage-first heap   total 703488K, used 418354K [0x0000000080000000, 0x0000000100000000)
  region size 1024K, 212 young (217088K), 1 survivors (1024K)
 Metaspace       used 166126K, committed 167424K, reserved 1245184K
  class space    used 22110K, committed 22784K, reserved 1048576K
}
Event: 8882.217 GC heap after
{Heap after GC invocations=128 (full 0):
 garbage-first heap   total 1006592K, used 212194K [0x0000000080000000, 0x0000000100000000)
  region size 1024K, 9 young (9216K), 9 survivors (9216K)
 Metaspace       used 166126K, committed 167424K, reserved 1245184K
  class space    used 22110K, committed 22784K, reserved 1048576K
}
Event: 8972.275 GC heap before
{Heap before GC invocations=129 (full 0):
 garbage-first heap   total 843776K, used 759010K [0x0000000080000000, 0x0000000100000000)
  region size 1024K, 481 young (492544K), 9 survivors (9216K)
 Metaspace       used 167085K, committed 168576K, reserved 1245184K
  class space    used 22269K, committed 22976K, reserved 1048576K
}
Event: 8972.291 GC heap after
{Heap after GC invocations=130 (full 0):
 garbage-first heap   total 843776K, used 218518K [0x0000000080000000, 0x0000000100000000)
  region size 1024K, 19 young (19456K), 19 survivors (19456K)
 Metaspace       used 167085K, committed 168576K, reserved 1245184K
  class space    used 22269K, committed 22976K, reserved 1048576K
}
Event: 8972.396 GC heap before
{Heap before GC invocations=130 (full 0):
 garbage-first heap   total 843776K, used 241046K [0x0000000080000000, 0x0000000100000000)
  region size 1024K, 41 young (41984K), 19 survivors (19456K)
 Metaspace       used 167091K, committed 168576K, reserved 1245184K
  class space    used 22269K, committed 22976K, reserved 1048576K
}
Event: 8972.410 GC heap after
{Heap after GC invocations=131 (full 0):
 garbage-first heap   total 843776K, used 210870K [0x0000000080000000, 0x0000000100000000)
  region size 1024K, 4 young (4096K), 4 survivors (4096K)
 Metaspace       used 167091K, committed 168576K, reserved 1245184K
  class space    used 22269K, committed 22976K, reserved 1048576K
}
Event: 8972.418 GC heap before
{Heap before GC invocations=131 (full 0):
 garbage-first heap   total 843776K, used 214966K [0x0000000080000000, 0x0000000100000000)
  region size 1024K, 9 young (9216K), 4 survivors (4096K)
 Metaspace       used 167091K, committed 168576K, reserved 1245184K
  class space    used 22269K, committed 22976K, reserved 1048576K
}
Event: 8972.420 GC heap after
{Heap after GC invocations=132 (full 0):
 garbage-first heap   total 843776K, used 210005K [0x0000000080000000, 0x0000000100000000)
  region size 1024K, 3 young (3072K), 3 survivors (3072K)
 Metaspace       used 167091K, committed 168576K, reserved 1245184K
  class space    used 22269K, committed 22976K, reserved 1048576K
}
Event: 9218.340 GC heap before
{Heap before GC invocations=133 (full 0):
 garbage-first heap   total 737280K, used 647253K [0x0000000080000000, 0x0000000100000000)
  region size 1024K, 371 young (379904K), 3 survivors (3072K)
 Metaspace       used 167296K, committed 168768K, reserved 1245184K
  class space    used 22276K, committed 22976K, reserved 1048576K
}
Event: 9218.360 GC heap after
{Heap after GC invocations=134 (full 0):
 garbage-first heap   total 737280K, used 240231K [0x0000000080000000, 0x0000000100000000)
  region size 1024K, 30 young (30720K), 30 survivors (30720K)
 Metaspace       used 167296K, committed 168768K, reserved 1245184K
  class space    used 22276K, committed 22976K, reserved 1048576K
}
Event: 9218.409 GC heap before
{Heap before GC invocations=134 (full 0):
 garbage-first heap   total 737280K, used 252519K [0x0000000080000000, 0x0000000100000000)
  region size 1024K, 36 young (36864K), 30 survivors (30720K)
 Metaspace       used 167305K, committed 168768K, reserved 1245184K
  class space    used 22276K, committed 22976K, reserved 1048576K
}
Event: 9218.421 GC heap after
{Heap after GC invocations=135 (full 0):
 garbage-first heap   total 737280K, used 199142K [0x0000000080000000, 0x0000000100000000)
  region size 1024K, 4 young (4096K), 4 survivors (4096K)
 Metaspace       used 167305K, committed 168768K, reserved 1245184K
  class space    used 22276K, committed 22976K, reserved 1048576K
}
Event: 9223.534 GC heap before
{Heap before GC invocations=135 (full 0):
 garbage-first heap   total 737280K, used 466406K [0x0000000080000000, 0x0000000100000000)
  region size 1024K, 267 young (273408K), 4 survivors (4096K)
 Metaspace       used 167434K, committed 168960K, reserved 1245184K
  class space    used 22281K, committed 22976K, reserved 1048576K
}
Event: 9223.542 GC heap after
{Heap after GC invocations=136 (full 0):
 garbage-first heap   total 737280K, used 202214K [0x0000000080000000, 0x0000000100000000)
  region size 1024K, 7 young (7168K), 7 survivors (7168K)
 Metaspace       used 167434K, committed 168960K, reserved 1245184K
  class space    used 22281K, committed 22976K, reserved 1048576K
}
Event: 12823.790 GC heap before
{Heap before GC invocations=137 (full 0):
 garbage-first heap   total 737280K, used 593382K [0x0000000080000000, 0x0000000100000000)
  region size 1024K, 339 young (347136K), 7 survivors (7168K)
 Metaspace       used 167632K, committed 169216K, reserved 1245184K
  class space    used 22320K, committed 23040K, reserved 1048576K
}
Event: 12823.972 GC heap after
{Heap after GC invocations=138 (full 1):
 garbage-first heap   total 437248K, used 126993K [0x0000000080000000, 0x0000000100000000)
  region size 1024K, 0 young (0K), 0 survivors (0K)
 Metaspace       used 167632K, committed 169216K, reserved 1245184K
  class space    used 22320K, committed 23040K, reserved 1048576K
}
Event: 15249.301 GC heap before
{Heap before GC invocations=138 (full 1):
 garbage-first heap   total 437248K, used 318481K [0x0000000080000000, 0x0000000100000000)
  region size 1024K, 188 young (192512K), 0 survivors (0K)
 Metaspace       used 167750K, committed 169344K, reserved 1245184K
  class space    used 22326K, committed 23104K, reserved 1048576K
}
Event: 15249.323 GC heap after
{Heap after GC invocations=139 (full 1):
 garbage-first heap   total 437248K, used 158154K [0x0000000080000000, 0x0000000100000000)
  region size 1024K, 24 young (24576K), 24 survivors (24576K)
 Metaspace       used 167750K, committed 169344K, reserved 1245184K
  class space    used 22326K, committed 23104K, reserved 1048576K
}

