# JRE version: OpenJDK Runtime Environment (17.0.10) (build 17.0.10+0--11572160)
# Java VM: OpenJDK 64-Bit Server VM (17.0.10+0--11572160, mixed mode, tiered, compressed oops, compressed class ptrs, g1 gc, windows-amd64)
GC Precious Log:
 CPUs: 8 total, 8 available
 Memory: 24382M
 Large Page Support: Disabled
 NUMA Support: Disabled
 Compressed Oops: Enabled (32-bit)
 Heap Region Size: 1M
 Heap Min Capacity: 8M
 Heap Initial Capacity: 382M
 Heap Max Capacity: 2G
 Pre-touch: Disabled
 Parallel Workers: 8
 Concurrent Workers: 2
 Concurrent Refinement Workers: 8
 Periodic GC: Disabled
Heap:
 garbage-first heap   total 231424K, used 109564K [0x0000000080000000, 0x0000000100000000)
  region size 1024K, 80 young (81920K), 4 survivors (4096K)
 Metaspace       used 56852K, committed 57344K, reserved 1114112K
  class space    used 7726K, committed 7936K, reserved 1048576K
GC Heap History (20 events):
Event: 2.225 GC heap before
{Heap before GC invocations=0 (full 0):
 garbage-first heap   total 391168K, used 26624K [0x0000000080000000, 0x0000000100000000)
  region size 1024K, 23 young (23552K), 0 survivors (0K)
 Metaspace       used 10488K, committed 10624K, reserved 1114112K
  class space    used 1090K, committed 1152K, reserved 1048576K
}
Event: 2.233 GC heap after
{Heap after GC invocations=1 (full 0):
 garbage-first heap   total 391168K, used 11033K [0x0000000080000000, 0x0000000100000000)
  region size 1024K, 3 young (3072K), 3 survivors (3072K)
 Metaspace       used 10488K, committed 10624K, reserved 1114112K
  class space    used 1090K, committed 1152K, reserved 1048576K
}
Event: 3.201 GC heap before
{Heap before GC invocations=1 (full 0):
 garbage-first heap   total 391168K, used 37657K [0x0000000080000000, 0x0000000100000000)
  region size 1024K, 29 young (29696K), 3 survivors (3072K)
 Metaspace       used 11457K, committed 11648K, reserved 1114112K
  class space    used 1195K, committed 1280K, reserved 1048576K
}
Event: 3.205 GC heap after
{Heap after GC invocations=2 (full 0):
 garbage-first heap   total 391168K, used 11384K [0x0000000080000000, 0x0000000100000000)
  region size 1024K, 1 young (1024K), 1 survivors (1024K)
 Metaspace       used 11457K, committed 11648K, reserved 1114112K
  class space    used 1195K, committed 1280K, reserved 1048576K
}
Event: 5.176 GC heap before
{Heap before GC invocations=2 (full 0):
 garbage-first heap   total 391168K, used 62584K [0x0000000080000000, 0x0000000100000000)
  region size 1024K, 51 young (52224K), 1 survivors (1024K)
 Metaspace       used 21283K, committed 21504K, reserved 1114112K
  class space    used 2498K, committed 2624K, reserved 1048576K
}
Event: 5.187 GC heap after
{Heap after GC invocations=3 (full 0):
 garbage-first heap   total 391168K, used 19160K [0x0000000080000000, 0x0000000100000000)
  region size 1024K, 9 young (9216K), 9 survivors (9216K)
 Metaspace       used 21283K, committed 21504K, reserved 1114112K
  class space    used 2498K, committed 2624K, reserved 1048576K
}
Event: 6.620 GC heap before
{Heap before GC invocations=4 (full 0):
 garbage-first heap   total 71680K, used 51928K [0x0000000080000000, 0x0000000100000000)
  region size 1024K, 42 young (43008K), 9 survivors (9216K)
 Metaspace       used 26482K, committed 26752K, reserved 1114112K
  class space    used 3399K, committed 3520K, reserved 1048576K
}
Event: 6.645 GC heap after
{Heap after GC invocations=5 (full 0):
 garbage-first heap   total 71680K, used 20896K [0x0000000080000000, 0x0000000100000000)
  region size 1024K, 2 young (2048K), 2 survivors (2048K)
 Metaspace       used 26482K, committed 26752K, reserved 1114112K
  class space    used 3399K, committed 3520K, reserved 1048576K
}
Event: 7.830 GC heap before
{Heap before GC invocations=5 (full 0):
 garbage-first heap   total 71680K, used 49568K [0x0000000080000000, 0x0000000100000000)
  region size 1024K, 30 young (30720K), 2 survivors (2048K)
 Metaspace       used 30353K, committed 30592K, reserved 1114112K
  class space    used 4059K, committed 4160K, reserved 1048576K
}
Event: 7.837 GC heap after
{Heap after GC invocations=6 (full 0):
 garbage-first heap   total 71680K, used 22564K [0x0000000080000000, 0x0000000100000000)
  region size 1024K, 4 young (4096K), 4 survivors (4096K)
 Metaspace       used 30353K, committed 30592K, reserved 1114112K
  class space    used 4059K, committed 4160K, reserved 1048576K
}
Event: 8.859 GC heap before
{Heap before GC invocations=6 (full 0):
 garbage-first heap   total 71680K, used 52260K [0x0000000080000000, 0x0000000100000000)
  region size 1024K, 33 young (33792K), 4 survivors (4096K)
 Metaspace       used 34046K, committed 34368K, reserved 1114112K
  class space    used 4656K, committed 4800K, reserved 1048576K
}
Event: 8.867 GC heap after
{Heap after GC invocations=7 (full 0):
 garbage-first heap   total 71680K, used 23898K [0x0000000080000000, 0x0000000100000000)
  region size 1024K, 4 young (4096K), 4 survivors (4096K)
 Metaspace       used 34046K, committed 34368K, reserved 1114112K
  class space    used 4656K, committed 4800K, reserved 1048576K
}
Event: 9.200 GC heap before
{Heap before GC invocations=7 (full 0):
 garbage-first heap   total 71680K, used 31066K [0x0000000080000000, 0x0000000100000000)
  region size 1024K, 13 young (13312K), 4 survivors (4096K)
 Metaspace       used 35656K, committed 35968K, reserved 1114112K
  class space    used 4875K, committed 5056K, reserved 1048576K
}
Event: 9.207 GC heap after
{Heap after GC invocations=8 (full 0):
 garbage-first heap   total 71680K, used 24142K [0x0000000080000000, 0x0000000100000000)
  region size 1024K, 2 young (2048K), 2 survivors (2048K)
 Metaspace       used 35656K, committed 35968K, reserved 1114112K
  class space    used 4875K, committed 5056K, reserved 1048576K
}
Event: 10.144 GC heap before
{Heap before GC invocations=9 (full 0):
 garbage-first heap   total 71680K, used 53838K [0x0000000080000000, 0x0000000100000000)
  region size 1024K, 32 young (32768K), 2 survivors (2048K)
 Metaspace       used 40793K, committed 41088K, reserved 1114112K
  class space    used 5413K, committed 5568K, reserved 1048576K
}
Event: 10.152 GC heap after
{Heap after GC invocations=10 (full 0):
 garbage-first heap   total 71680K, used 28018K [0x0000000080000000, 0x0000000100000000)
  region size 1024K, 4 young (4096K), 4 survivors (4096K)
 Metaspace       used 40793K, committed 41088K, reserved 1114112K
  class space    used 5413K, committed 5568K, reserved 1048576K
}
Event: 10.630 GC heap before
{Heap before GC invocations=10 (full 0):
 garbage-first heap   total 71680K, used 54642K [0x0000000080000000, 0x0000000100000000)
  region size 1024K, 30 young (30720K), 4 survivors (4096K)
 Metaspace       used 41914K, committed 42304K, reserved 1114112K
  class space    used 5596K, committed 5760K, reserved 1048576K
}
Event: 10.643 GC heap after
{Heap after GC invocations=11 (full 0):
 garbage-first heap   total 71680K, used 29859K [0x0000000080000000, 0x0000000100000000)
  region size 1024K, 2 young (2048K), 2 survivors (2048K)
 Metaspace       used 41914K, committed 42304K, reserved 1114112K
  class space    used 5596K, committed 5760K, reserved 1048576K
}
Event: 11.579 GC heap before
{Heap before GC invocations=11 (full 0):
 garbage-first heap   total 71680K, used 55459K [0x0000000080000000, 0x0000000100000000)
  region size 1024K, 28 young (28672K), 2 survivors (2048K)
 Metaspace       used 45342K, committed 45824K, reserved 1114112K
  class space    used 6156K, committed 6400K, reserved 1048576K
}
Event: 11.587 GC heap after
{Heap after GC invocations=12 (full 0):
 garbage-first heap   total 231424K, used 31740K [0x0000000080000000, 0x0000000100000000)
  region size 1024K, 4 young (4096K), 4 survivors (4096K)
 Metaspace       used 45342K, committed 45824K, reserved 1114112K
  class space    used 6156K, committed 6400K, reserved 1048576K
}

