# JRE version: OpenJDK Runtime Environment (17.0.10) (build 17.0.10+0--11572160)
# Java VM: OpenJDK 64-Bit Server VM (17.0.10+0--11572160, mixed mode, tiered, compressed oops, compressed class ptrs, g1 gc, windows-amd64)
GC Precious Log:
 CPUs: 8 total, 8 available
 Memory: 24382M
 Large Page Support: Disabled
 NUMA Support: Disabled
 Compressed Oops: Enabled (32-bit)
 Heap Region Size: 1M
 Heap Min Capacity: 8M
 Heap Initial Capacity: 382M
 Heap Max Capacity: 2G
 Pre-touch: Disabled
 Parallel Workers: 8
 Concurrent Workers: 2
 Concurrent Refinement Workers: 8
 Periodic GC: Disabled
Heap:
 garbage-first heap   total 71680K, used 58561K [0x0000000080000000, 0x0000000100000000)
  region size 1024K, 28 young (28672K), 4 survivors (4096K)
 Metaspace       used 52027K, committed 52544K, reserved 1114112K
  class space    used 7117K, committed 7360K, reserved 1048576K
GC Heap History (20 events):
Event: 5.626 GC heap before
{Heap before GC invocations=2 (full 0):
 garbage-first heap   total 391168K, used 65538K [0x0000000080000000, 0x0000000100000000)
  region size 1024K, 54 young (55296K), 1 survivors (1024K)
 Metaspace       used 21273K, committed 21504K, reserved 1114112K
  class space    used 2502K, committed 2624K, reserved 1048576K
}
Event: 5.636 GC heap after
{Heap after GC invocations=3 (full 0):
 garbage-first heap   total 391168K, used 19004K [0x0000000080000000, 0x0000000100000000)
  region size 1024K, 9 young (9216K), 9 survivors (9216K)
 Metaspace       used 21273K, committed 21504K, reserved 1114112K
  class space    used 2502K, committed 2624K, reserved 1048576K
}
Event: 6.801 GC heap before
{Heap before GC invocations=4 (full 0):
 garbage-first heap   total 71680K, used 52796K [0x0000000080000000, 0x0000000100000000)
  region size 1024K, 42 young (43008K), 9 survivors (9216K)
 Metaspace       used 26453K, committed 26752K, reserved 1114112K
  class space    used 3401K, committed 3520K, reserved 1048576K
}
Event: 6.812 GC heap after
{Heap after GC invocations=5 (full 0):
 garbage-first heap   total 71680K, used 20633K [0x0000000080000000, 0x0000000100000000)
  region size 1024K, 2 young (2048K), 2 survivors (2048K)
 Metaspace       used 26453K, committed 26752K, reserved 1114112K
  class space    used 3401K, committed 3520K, reserved 1048576K
}
Event: 6.840 GC heap before
{Heap before GC invocations=5 (full 0):
 garbage-first heap   total 71680K, used 21657K [0x0000000080000000, 0x0000000100000000)
  region size 1024K, 3 young (3072K), 2 survivors (2048K)
 Metaspace       used 26600K, committed 26880K, reserved 1114112K
  class space    used 3428K, committed 3520K, reserved 1048576K
}
Event: 6.844 GC heap after
{Heap after GC invocations=6 (full 0):
 garbage-first heap   total 71680K, used 20896K [0x0000000080000000, 0x0000000100000000)
  region size 1024K, 1 young (1024K), 1 survivors (1024K)
 Metaspace       used 26600K, committed 26880K, reserved 1114112K
  class space    used 3428K, committed 3520K, reserved 1048576K
}
Event: 7.919 GC heap before
{Heap before GC invocations=6 (full 0):
 garbage-first heap   total 71680K, used 49568K [0x0000000080000000, 0x0000000100000000)
  region size 1024K, 29 young (29696K), 1 survivors (1024K)
 Metaspace       used 30517K, committed 30784K, reserved 1114112K
  class space    used 4078K, committed 4160K, reserved 1048576K
}
Event: 7.926 GC heap after
{Heap after GC invocations=7 (full 0):
 garbage-first heap   total 71680K, used 22303K [0x0000000080000000, 0x0000000100000000)
  region size 1024K, 2 young (2048K), 2 survivors (2048K)
 Metaspace       used 30517K, committed 30784K, reserved 1114112K
  class space    used 4078K, committed 4160K, reserved 1048576K
}
Event: 9.069 GC heap before
{Heap before GC invocations=7 (full 0):
 garbage-first heap   total 71680K, used 51999K [0x0000000080000000, 0x0000000100000000)
  region size 1024K, 31 young (31744K), 2 survivors (2048K)
 Metaspace       used 34119K, committed 34496K, reserved 1114112K
  class space    used 4675K, committed 4864K, reserved 1048576K
}
Event: 9.076 GC heap after
{Heap after GC invocations=8 (full 0):
 garbage-first heap   total 71680K, used 23516K [0x0000000080000000, 0x0000000100000000)
  region size 1024K, 3 young (3072K), 3 survivors (3072K)
 Metaspace       used 34119K, committed 34496K, reserved 1114112K
  class space    used 4675K, committed 4864K, reserved 1048576K
}
Event: 9.487 GC heap before
{Heap before GC invocations=8 (full 0):
 garbage-first heap   total 71680K, used 30684K [0x0000000080000000, 0x0000000100000000)
  region size 1024K, 11 young (11264K), 3 survivors (3072K)
 Metaspace       used 35658K, committed 35968K, reserved 1114112K
  class space    used 4880K, committed 5056K, reserved 1048576K
}
Event: 9.492 GC heap after
{Heap after GC invocations=9 (full 0):
 garbage-first heap   total 71680K, used 24053K [0x0000000080000000, 0x0000000100000000)
  region size 1024K, 2 young (2048K), 2 survivors (2048K)
 Metaspace       used 35658K, committed 35968K, reserved 1114112K
  class space    used 4880K, committed 5056K, reserved 1048576K
}
Event: 10.450 GC heap before
{Heap before GC invocations=10 (full 0):
 garbage-first heap   total 71680K, used 54773K [0x0000000080000000, 0x0000000100000000)
  region size 1024K, 33 young (33792K), 2 survivors (2048K)
 Metaspace       used 40782K, committed 41152K, reserved 1114112K
  class space    used 5418K, committed 5568K, reserved 1048576K
}
Event: 10.459 GC heap after
{Heap after GC invocations=11 (full 0):
 garbage-first heap   total 71680K, used 28120K [0x0000000080000000, 0x0000000100000000)
  region size 1024K, 5 young (5120K), 5 survivors (5120K)
 Metaspace       used 40782K, committed 41152K, reserved 1114112K
  class space    used 5418K, committed 5568K, reserved 1048576K
}
Event: 11.055 GC heap before
{Heap before GC invocations=11 (full 0):
 garbage-first heap   total 71680K, used 54744K [0x0000000080000000, 0x0000000100000000)
  region size 1024K, 32 young (32768K), 5 survivors (5120K)
 Metaspace       used 42247K, committed 42624K, reserved 1114112K
  class space    used 5632K, committed 5824K, reserved 1048576K
}
Event: 11.064 GC heap after
{Heap after GC invocations=12 (full 0):
 garbage-first heap   total 71680K, used 29824K [0x0000000080000000, 0x0000000100000000)
  region size 1024K, 2 young (2048K), 2 survivors (2048K)
 Metaspace       used 42247K, committed 42624K, reserved 1114112K
  class space    used 5632K, committed 5824K, reserved 1048576K
}
Event: 12.439 GC heap before
{Heap before GC invocations=12 (full 0):
 garbage-first heap   total 71680K, used 56448K [0x0000000080000000, 0x0000000100000000)
  region size 1024K, 28 young (28672K), 2 survivors (2048K)
 Metaspace       used 45568K, committed 45952K, reserved 1114112K
  class space    used 6206K, committed 6400K, reserved 1048576K
}
Event: 12.443 GC heap after
{Heap after GC invocations=13 (full 0):
 garbage-first heap   total 71680K, used 31633K [0x0000000080000000, 0x0000000100000000)
  region size 1024K, 4 young (4096K), 4 survivors (4096K)
 Metaspace       used 45568K, committed 45952K, reserved 1114112K
  class space    used 6206K, committed 6400K, reserved 1048576K
}
Event: 13.546 GC heap before
{Heap before GC invocations=13 (full 0):
 garbage-first heap   total 71680K, used 56209K [0x0000000080000000, 0x0000000100000000)
  region size 1024K, 28 young (28672K), 4 survivors (4096K)
 Metaspace       used 48640K, committed 49088K, reserved 1114112K
  class space    used 6720K, committed 6912K, reserved 1048576K
}
Event: 13.554 GC heap after
{Heap after GC invocations=14 (full 0):
 garbage-first heap   total 71680K, used 32961K [0x0000000080000000, 0x0000000100000000)
  region size 1024K, 4 young (4096K), 4 survivors (4096K)
 Metaspace       used 48640K, committed 49088K, reserved 1114112K
  class space    used 6720K, committed 6912K, reserved 1048576K
}

