# JRE version: OpenJDK Runtime Environment (17.0.10) (build 17.0.10+0--11572160)
# Java VM: OpenJDK 64-Bit Server VM (17.0.10+0--11572160, mixed mode, tiered, compressed oops, compressed class ptrs, g1 gc, windows-amd64)
GC Precious Log:
 CPUs: 8 total, 8 available
 Memory: 24382M
 Large Page Support: Disabled
 NUMA Support: Disabled
 Compressed Oops: Enabled (32-bit)
 Heap Region Size: 1M
 Heap Min Capacity: 8M
 Heap Initial Capacity: 382M
 Heap Max Capacity: 2G
 Pre-touch: Disabled
 Parallel Workers: 8
 Concurrent Workers: 2
 Concurrent Refinement Workers: 8
 Periodic GC: Disabled
Heap:
 garbage-first heap   total 231424K, used 92836K [0x0000000080000000, 0x0000000100000000)
  region size 1024K, 64 young (65536K), 2 survivors (2048K)
 Metaspace       used 50310K, committed 50752K, reserved 1114112K
  class space    used 6871K, committed 7104K, reserved 1048576K
GC Heap History (20 events):
Event: 3.301 GC heap before
{Heap before GC invocations=1 (full 0):
 garbage-first heap   total 391168K, used 39419K [0x0000000080000000, 0x0000000100000000)
  region size 1024K, 31 young (31744K), 3 survivors (3072K)
 Metaspace       used 11446K, committed 11648K, reserved 1114112K
  class space    used 1195K, committed 1280K, reserved 1048576K
}
Event: 3.306 GC heap after
{Heap after GC invocations=2 (full 0):
 garbage-first heap   total 391168K, used 11198K [0x0000000080000000, 0x0000000100000000)
  region size 1024K, 1 young (1024K), 1 survivors (1024K)
 Metaspace       used 11446K, committed 11648K, reserved 1114112K
  class space    used 1195K, committed 1280K, reserved 1048576K
}
Event: 6.038 GC heap before
{Heap before GC invocations=2 (full 0):
 garbage-first heap   total 391168K, used 62398K [0x0000000080000000, 0x0000000100000000)
  region size 1024K, 51 young (52224K), 1 survivors (1024K)
 Metaspace       used 21302K, committed 21504K, reserved 1114112K
  class space    used 2501K, committed 2624K, reserved 1048576K
}
Event: 6.052 GC heap after
{Heap after GC invocations=3 (full 0):
 garbage-first heap   total 391168K, used 18782K [0x0000000080000000, 0x0000000100000000)
  region size 1024K, 9 young (9216K), 9 survivors (9216K)
 Metaspace       used 21302K, committed 21504K, reserved 1114112K
  class space    used 2501K, committed 2624K, reserved 1048576K
}
Event: 7.642 GC heap before
{Heap before GC invocations=4 (full 0):
 garbage-first heap   total 71680K, used 51550K [0x0000000080000000, 0x0000000100000000)
  region size 1024K, 42 young (43008K), 9 survivors (9216K)
 Metaspace       used 26470K, committed 26688K, reserved 1114112K
  class space    used 3394K, committed 3520K, reserved 1048576K
}
Event: 7.658 GC heap after
{Heap after GC invocations=5 (full 0):
 garbage-first heap   total 71680K, used 20623K [0x0000000080000000, 0x0000000100000000)
  region size 1024K, 3 young (3072K), 3 survivors (3072K)
 Metaspace       used 26470K, committed 26688K, reserved 1114112K
  class space    used 3394K, committed 3520K, reserved 1048576K
}
Event: 7.710 GC heap before
{Heap before GC invocations=5 (full 0):
 garbage-first heap   total 71680K, used 20623K [0x0000000080000000, 0x0000000100000000)
  region size 1024K, 4 young (4096K), 3 survivors (3072K)
 Metaspace       used 26618K, committed 26880K, reserved 1114112K
  class space    used 3422K, committed 3520K, reserved 1048576K
}
Event: 7.715 GC heap after
{Heap after GC invocations=6 (full 0):
 garbage-first heap   total 71680K, used 20658K [0x0000000080000000, 0x0000000100000000)
  region size 1024K, 1 young (1024K), 1 survivors (1024K)
 Metaspace       used 26618K, committed 26880K, reserved 1114112K
  class space    used 3422K, committed 3520K, reserved 1048576K
}
Event: 9.089 GC heap before
{Heap before GC invocations=6 (full 0):
 garbage-first heap   total 71680K, used 50354K [0x0000000080000000, 0x0000000100000000)
  region size 1024K, 30 young (30720K), 1 survivors (1024K)
 Metaspace       used 30672K, committed 30912K, reserved 1114112K
  class space    used 4091K, committed 4224K, reserved 1048576K
}
Event: 9.095 GC heap after
{Heap after GC invocations=7 (full 0):
 garbage-first heap   total 71680K, used 22077K [0x0000000080000000, 0x0000000100000000)
  region size 1024K, 2 young (2048K), 2 survivors (2048K)
 Metaspace       used 30672K, committed 30912K, reserved 1114112K
  class space    used 4091K, committed 4224K, reserved 1048576K
}
Event: 10.304 GC heap before
{Heap before GC invocations=7 (full 0):
 garbage-first heap   total 71680K, used 51773K [0x0000000080000000, 0x0000000100000000)
  region size 1024K, 32 young (32768K), 2 survivors (2048K)
 Metaspace       used 34596K, committed 34880K, reserved 1114112K
  class space    used 4725K, committed 4864K, reserved 1048576K
}
Event: 10.312 GC heap after
{Heap after GC invocations=8 (full 0):
 garbage-first heap   total 71680K, used 23591K [0x0000000080000000, 0x0000000100000000)
  region size 1024K, 4 young (4096K), 4 survivors (4096K)
 Metaspace       used 34596K, committed 34880K, reserved 1114112K
  class space    used 4725K, committed 4864K, reserved 1048576K
}
Event: 10.613 GC heap before
{Heap before GC invocations=8 (full 0):
 garbage-first heap   total 71680K, used 28711K [0x0000000080000000, 0x0000000100000000)
  region size 1024K, 10 young (10240K), 4 survivors (4096K)
 Metaspace       used 35612K, committed 35968K, reserved 1114112K
  class space    used 4872K, committed 5056K, reserved 1048576K
}
Event: 10.620 GC heap after
{Heap after GC invocations=9 (full 0):
 garbage-first heap   total 71680K, used 23796K [0x0000000080000000, 0x0000000100000000)
  region size 1024K, 2 young (2048K), 2 survivors (2048K)
 Metaspace       used 35612K, committed 35968K, reserved 1114112K
  class space    used 4872K, committed 5056K, reserved 1048576K
}
Event: 12.031 GC heap before
{Heap before GC invocations=10 (full 0):
 garbage-first heap   total 71680K, used 54516K [0x0000000080000000, 0x0000000100000000)
  region size 1024K, 33 young (33792K), 2 survivors (2048K)
 Metaspace       used 40840K, committed 41216K, reserved 1114112K
  class space    used 5418K, committed 5568K, reserved 1048576K
}
Event: 12.039 GC heap after
{Heap after GC invocations=11 (full 0):
 garbage-first heap   total 71680K, used 28120K [0x0000000080000000, 0x0000000100000000)
  region size 1024K, 5 young (5120K), 5 survivors (5120K)
 Metaspace       used 40840K, committed 41216K, reserved 1114112K
  class space    used 5418K, committed 5568K, reserved 1048576K
}
Event: 12.047 GC heap before
{Heap before GC invocations=11 (full 0):
 garbage-first heap   total 71680K, used 29144K [0x0000000080000000, 0x0000000100000000)
  region size 1024K, 6 young (6144K), 5 survivors (5120K)
 Metaspace       used 40841K, committed 41216K, reserved 1114112K
  class space    used 5418K, committed 5568K, reserved 1048576K
}
Event: 12.054 GC heap after
{Heap after GC invocations=12 (full 0):
 garbage-first heap   total 71680K, used 28598K [0x0000000080000000, 0x0000000100000000)
  region size 1024K, 1 young (1024K), 1 survivors (1024K)
 Metaspace       used 40841K, committed 41216K, reserved 1114112K
  class space    used 5418K, committed 5568K, reserved 1048576K
}
Event: 12.767 GC heap before
{Heap before GC invocations=12 (full 0):
 garbage-first heap   total 71680K, used 55222K [0x0000000080000000, 0x0000000100000000)
  region size 1024K, 27 young (27648K), 1 survivors (1024K)
 Metaspace       used 42274K, committed 42688K, reserved 1114112K
  class space    used 5625K, committed 5760K, reserved 1048576K
}
Event: 12.775 GC heap after
{Heap after GC invocations=13 (full 0):
 garbage-first heap   total 231424K, used 29348K [0x0000000080000000, 0x0000000100000000)
  region size 1024K, 2 young (2048K), 2 survivors (2048K)
 Metaspace       used 42274K, committed 42688K, reserved 1114112K
  class space    used 5625K, committed 5760K, reserved 1048576K
}

