# JRE version: OpenJDK Runtime Environment (17.0.10) (build 17.0.10+0--11572160)
# Java VM: OpenJDK 64-Bit Server VM (17.0.10+0--11572160, mixed mode, tiered, compressed oops, compressed class ptrs, g1 gc, windows-amd64)
GC Precious Log:
 CPUs: 8 total, 8 available
 Memory: 24382M
 Large Page Support: Disabled
 NUMA Support: Disabled
 Compressed Oops: Enabled (32-bit)
 Heap Region Size: 1M
 Heap Min Capacity: 8M
 Heap Initial Capacity: 382M
 Heap Max Capacity: 2G
 Pre-touch: Disabled
 Parallel Workers: 8
 Concurrent Workers: 2
 Concurrent Refinement Workers: 8
 Periodic GC: Disabled
Heap:
 garbage-first heap   total 68608K, used 52162K [0x0000000080000000, 0x0000000100000000)
  region size 1024K, 25 young (25600K), 3 survivors (3072K)
 Metaspace       used 44256K, committed 44672K, reserved 1114112K
  class space    used 5970K, committed 6144K, reserved 1048576K
GC Heap History (18 events):
Event: 1.705 GC heap before
{Heap before GC invocations=0 (full 0):
 garbage-first heap   total 391168K, used 26624K [0x0000000080000000, 0x0000000100000000)
  region size 1024K, 23 young (23552K), 0 survivors (0K)
 Metaspace       used 10474K, committed 10624K, reserved 1114112K
  class space    used 1090K, committed 1152K, reserved 1048576K
}
Event: 1.724 GC heap after
{Heap after GC invocations=1 (full 0):
 garbage-first heap   total 391168K, used 10292K [0x0000000080000000, 0x0000000100000000)
  region size 1024K, 3 young (3072K), 3 survivors (3072K)
 Metaspace       used 10474K, committed 10624K, reserved 1114112K
  class space    used 1090K, committed 1152K, reserved 1048576K
}
Event: 2.782 GC heap before
{Heap before GC invocations=1 (full 0):
 garbage-first heap   total 391168K, used 37940K [0x0000000080000000, 0x0000000100000000)
  region size 1024K, 30 young (30720K), 3 survivors (3072K)
 Metaspace       used 11423K, committed 11584K, reserved 1114112K
  class space    used 1196K, committed 1280K, reserved 1048576K
}
Event: 2.792 GC heap after
{Heap after GC invocations=2 (full 0):
 garbage-first heap   total 391168K, used 11335K [0x0000000080000000, 0x0000000100000000)
  region size 1024K, 1 young (1024K), 1 survivors (1024K)
 Metaspace       used 11423K, committed 11584K, reserved 1114112K
  class space    used 1196K, committed 1280K, reserved 1048576K
}
Event: 5.727 GC heap before
{Heap before GC invocations=2 (full 0):
 garbage-first heap   total 391168K, used 62535K [0x0000000080000000, 0x0000000100000000)
  region size 1024K, 51 young (52224K), 1 survivors (1024K)
 Metaspace       used 21318K, committed 21504K, reserved 1114112K
  class space    used 2509K, committed 2624K, reserved 1048576K
}
Event: 5.737 GC heap after
{Heap after GC invocations=3 (full 0):
 garbage-first heap   total 391168K, used 18745K [0x0000000080000000, 0x0000000100000000)
  region size 1024K, 8 young (8192K), 8 survivors (8192K)
 Metaspace       used 21318K, committed 21504K, reserved 1114112K
  class space    used 2509K, committed 2624K, reserved 1048576K
}
Event: 7.496 GC heap before
{Heap before GC invocations=4 (full 0):
 garbage-first heap   total 68608K, used 50489K [0x0000000080000000, 0x0000000100000000)
  region size 1024K, 40 young (40960K), 8 survivors (8192K)
 Metaspace       used 26264K, committed 26496K, reserved 1114112K
  class space    used 3374K, committed 3456K, reserved 1048576K
}
Event: 7.524 GC heap after
{Heap after GC invocations=5 (full 0):
 garbage-first heap   total 68608K, used 20891K [0x0000000080000000, 0x0000000100000000)
  region size 1024K, 3 young (3072K), 3 survivors (3072K)
 Metaspace       used 26264K, committed 26496K, reserved 1114112K
  class space    used 3374K, committed 3456K, reserved 1048576K
}
Event: 9.091 GC heap before
{Heap before GC invocations=5 (full 0):
 garbage-first heap   total 68608K, used 48539K [0x0000000080000000, 0x0000000100000000)
  region size 1024K, 30 young (30720K), 3 survivors (3072K)
 Metaspace       used 30034K, committed 30336K, reserved 1114112K
  class space    used 4011K, committed 4096K, reserved 1048576K
}
Event: 9.097 GC heap after
{Heap after GC invocations=6 (full 0):
 garbage-first heap   total 68608K, used 22210K [0x0000000080000000, 0x0000000100000000)
  region size 1024K, 4 young (4096K), 4 survivors (4096K)
 Metaspace       used 30034K, committed 30336K, reserved 1114112K
  class space    used 4011K, committed 4096K, reserved 1048576K
}
Event: 10.841 GC heap before
{Heap before GC invocations=6 (full 0):
 garbage-first heap   total 68608K, used 49858K [0x0000000080000000, 0x0000000100000000)
  region size 1024K, 31 young (31744K), 4 survivors (4096K)
 Metaspace       used 33507K, committed 33792K, reserved 1114112K
  class space    used 4574K, committed 4736K, reserved 1048576K
}
Event: 10.848 GC heap after
{Heap after GC invocations=7 (full 0):
 garbage-first heap   total 68608K, used 23370K [0x0000000080000000, 0x0000000100000000)
  region size 1024K, 3 young (3072K), 3 survivors (3072K)
 Metaspace       used 33507K, committed 33792K, reserved 1114112K
  class space    used 4574K, committed 4736K, reserved 1048576K
}
Event: 11.727 GC heap before
{Heap before GC invocations=7 (full 0):
 garbage-first heap   total 68608K, used 33610K [0x0000000080000000, 0x0000000100000000)
  region size 1024K, 15 young (15360K), 3 survivors (3072K)
 Metaspace       used 35661K, committed 35968K, reserved 1114112K
  class space    used 4880K, committed 5056K, reserved 1048576K
}
Event: 11.734 GC heap after
{Heap after GC invocations=8 (full 0):
 garbage-first heap   total 68608K, used 24058K [0x0000000080000000, 0x0000000100000000)
  region size 1024K, 2 young (2048K), 2 survivors (2048K)
 Metaspace       used 35661K, committed 35968K, reserved 1114112K
  class space    used 4880K, committed 5056K, reserved 1048576K
}
Event: 13.026 GC heap before
{Heap before GC invocations=9 (full 0):
 garbage-first heap   total 68608K, used 50682K [0x0000000080000000, 0x0000000100000000)
  region size 1024K, 29 young (29696K), 2 survivors (2048K)
 Metaspace       used 40803K, committed 41152K, reserved 1114112K
  class space    used 5418K, committed 5568K, reserved 1048576K
}
Event: 13.038 GC heap after
{Heap after GC invocations=10 (full 0):
 garbage-first heap   total 68608K, used 27486K [0x0000000080000000, 0x0000000100000000)
  region size 1024K, 4 young (4096K), 4 survivors (4096K)
 Metaspace       used 40803K, committed 41152K, reserved 1114112K
  class space    used 5418K, committed 5568K, reserved 1048576K
}
Event: 13.624 GC heap before
{Heap before GC invocations=10 (full 0):
 garbage-first heap   total 68608K, used 52062K [0x0000000080000000, 0x0000000100000000)
  region size 1024K, 28 young (28672K), 4 survivors (4096K)
 Metaspace       used 41895K, committed 42304K, reserved 1114112K
  class space    used 5595K, committed 5760K, reserved 1048576K
}
Event: 13.636 GC heap after
{Heap after GC invocations=11 (full 0):
 garbage-first heap   total 68608K, used 29634K [0x0000000080000000, 0x0000000100000000)
  region size 1024K, 3 young (3072K), 3 survivors (3072K)
 Metaspace       used 41895K, committed 42304K, reserved 1114112K
  class space    used 5595K, committed 5760K, reserved 1048576K
}

